<?xml version="1.0" encoding="UTF-8"?>
<testsuite xmlns:xsi="http://www.w3.org/2001/XMLSchema-instance" xsi:noNamespaceSchemaLocation="https://maven.apache.org/surefire/maven-surefire-plugin/xsd/surefire-test-report-3.0.xsd" version="3.0" name="cl.tsoft.labs.ut.sample.rest.controller.PersonControllerWithMockTest" time="2.925" tests="8" errors="0" skipped="0" failures="0">
  <properties>
[...]
</properties>
  <testcase name="should_return_all_persons" classname="cl.tsoft.labs.ut.sample.rest.controller.PersonControllerWithMockTest" time="2.17"/>
  <testcase name="should_return_404_when_person_does_not_exist" classname="cl.tsoft.labs.ut.sample.rest.controller.PersonControllerWithMockTest" time="0.011"/>
  <testcase name="should_create_successful_a_person" classname="cl.tsoft.labs.ut.sample.rest.controller.PersonControllerWithMockTest" time="0.161"/>
  <testcase name="should_update_successful_a_person" classname="cl.tsoft.labs.ut.sample.rest.controller.PersonControllerWithMockTest" time="0.008"/>
  <testcase name="should_return_person_when_rut_exists" classname="cl.tsoft.labs.ut.sample.rest.controller.PersonControllerWithMockTest" time="0.006"/>
  <testcase name="should_delete_successful_a_person" classname="cl.tsoft.labs.ut.sample.rest.controller.PersonControllerWithMockTest" time="0.008"/>
  <testcase name="should_return_the_request_url" classname="cl.tsoft.labs.ut.sample.rest.controller.PersonControllerWithMockTest" time="0.004"/>
  <testcase name="should_return_bad_request_when_create_person_is_invalid" classname="cl.tsoft.labs.ut.sample.rest.controller.PersonControllerWithMockTest" time="0.013"/>
</testsuite>